<?xml version="1.0" encoding="UTF-8"?>
<!-- Generated by org.testng.reporters.JUnitReportReporter -->
<testsuite hostname="Rakshitas-MacBook-Pro.local" name="com.android.qtpselenium.AppiumMavenTest.testclass" tests="1" failures="0" timestamp="10 Feb 2016 05:10:00 GMT" time="0.012" errors="0">
  <testcase name="testAdd" time="0.012" classname="com.android.qtpselenium.AppiumMavenTest.testclass"/>
</testsuite> <!-- com.android.qtpselenium.AppiumMavenTest.testclass -->
